Analysis & Synthesis report for GroupProject3710
Fri Oct 18 16:38:22 2024
Quartus Prime Version 23.1std.1 Build 993 05/14/2024 SC Lite Edition


---------------------
; Table of Contents ;
---------------------
  1. Legal Notice
  2. Analysis & Synthesis Summary
  3. Analysis & Synthesis Settings
  4. Parallel Compilation
  5. Analysis & Synthesis Source Files Read
  6. Analysis & Synthesis Resource Usage Summary
  7. Analysis & Synthesis Resource Utilization by Entity
  8. General Register Statistics
  9. Parameter Settings for User Entity Instance: Top-level Entity: |GroupProject3710
 10. Parameter Settings for User Entity Instance: regfile:regfile1
 11. Parameter Settings for User Entity Instance: alu:alu1
 12. Port Connectivity Checks: "alu:alu1"
 13. Port Connectivity Checks: "regfile:regfile1"
 14. Post-Synthesis Netlist Statistics for Top Partition
 15. Elapsed Time Per Partition
 16. Analysis & Synthesis Messages
 17. Analysis & Synthesis Suppressed Messages



----------------
; Legal Notice ;
----------------
Copyright (C) 2024  Intel Corporation. All rights reserved.
Your use of Intel Corporation's design tools, logic functions 
and other software and tools, and any partner logic 
functions, and any output files from any of the foregoing 
(including device programming or simulation files), and any 
associated documentation or information are expressly subject 
to the terms and conditions of the Intel Program License 
Subscription Agreement, the Intel Quartus Prime License Agreement,
the Intel FPGA IP License Agreement, or other applicable license
agreement, including, without limitation, that your use is for
the sole purpose of programming logic devices manufactured by
Intel and sold by Intel or its authorized distributors.  Please
refer to the applicable agreement for further details, at
https://fpgasoftware.intel.com/eula.



+----------------------------------------------------------------------------------+
; Analysis & Synthesis Summary                                                     ;
+---------------------------------+------------------------------------------------+
; Analysis & Synthesis Status     ; Successful - Fri Oct 18 16:38:22 2024          ;
; Quartus Prime Version           ; 23.1std.1 Build 993 05/14/2024 SC Lite Edition ;
; Revision Name                   ; GroupProject3710                               ;
; Top-level Entity Name           ; GroupProject3710                               ;
; Family                          ; Cyclone V                                      ;
; Logic utilization (in ALMs)     ; N/A                                            ;
; Total registers                 ; 0                                              ;
; Total pins                      ; 70                                             ;
; Total virtual pins              ; 0                                              ;
; Total block memory bits         ; 0                                              ;
; Total DSP Blocks                ; 0                                              ;
; Total HSSI RX PCSs              ; 0                                              ;
; Total HSSI PMA RX Deserializers ; 0                                              ;
; Total HSSI TX PCSs              ; 0                                              ;
; Total HSSI PMA TX Serializers   ; 0                                              ;
; Total PLLs                      ; 0                                              ;
; Total DLLs                      ; 0                                              ;
+---------------------------------+------------------------------------------------+


+---------------------------------------------------------------------------------------------------------------------------+
; Analysis & Synthesis Settings                                                                                             ;
+---------------------------------------------------------------------------------+--------------------+--------------------+
; Option                                                                          ; Setting            ; Default Value      ;
+---------------------------------------------------------------------------------+--------------------+--------------------+
; Device                                                                          ; 5CSEMA5F31C6       ;                    ;
; Top-level entity name                                                           ; GroupProject3710   ; GroupProject3710   ;
; Family name                                                                     ; Cyclone V          ; Cyclone V          ;
; Use smart compilation                                                           ; Off                ; Off                ;
; Maximum processors allowed for parallel compilation                             ; All                ; All                ;
; Enable parallel Assembler and Timing Analyzer during compilation                ; On                 ; On                 ;
; Enable compact report table                                                     ; Off                ; Off                ;
; Restructure Multiplexers                                                        ; Auto               ; Auto               ;
; MLAB Add Timing Constraints For Mixed-Port Feed-Through Mode Setting Don't Care ; Off                ; Off                ;
; Create Debugging Nodes for IP Cores                                             ; Off                ; Off                ;
; Preserve fewer node names                                                       ; On                 ; On                 ;
; Intel FPGA IP Evaluation Mode                                                   ; Enable             ; Enable             ;
; Verilog Version                                                                 ; Verilog_2001       ; Verilog_2001       ;
; VHDL Version                                                                    ; VHDL_1993          ; VHDL_1993          ;
; State Machine Processing                                                        ; Auto               ; Auto               ;
; Safe State Machine                                                              ; Off                ; Off                ;
; Extract Verilog State Machines                                                  ; On                 ; On                 ;
; Extract VHDL State Machines                                                     ; On                 ; On                 ;
; Ignore Verilog initial constructs                                               ; Off                ; Off                ;
; Iteration limit for constant Verilog loops                                      ; 5000               ; 5000               ;
; Iteration limit for non-constant Verilog loops                                  ; 250                ; 250                ;
; Add Pass-Through Logic to Inferred RAMs                                         ; On                 ; On                 ;
; Infer RAMs from Raw Logic                                                       ; On                 ; On                 ;
; Parallel Synthesis                                                              ; On                 ; On                 ;
; DSP Block Balancing                                                             ; Auto               ; Auto               ;
; NOT Gate Push-Back                                                              ; On                 ; On                 ;
; Power-Up Don't Care                                                             ; On                 ; On                 ;
; Remove Redundant Logic Cells                                                    ; Off                ; Off                ;
; Remove Duplicate Registers                                                      ; On                 ; On                 ;
; Ignore CARRY Buffers                                                            ; Off                ; Off                ;
; Ignore CASCADE Buffers                                                          ; Off                ; Off                ;
; Ignore GLOBAL Buffers                                                           ; Off                ; Off                ;
; Ignore ROW GLOBAL Buffers                                                       ; Off                ; Off                ;
; Ignore LCELL Buffers                                                            ; Off                ; Off                ;
; Ignore SOFT Buffers                                                             ; On                 ; On                 ;
; Limit AHDL Integers to 32 Bits                                                  ; Off                ; Off                ;
; Optimization Technique                                                          ; Balanced           ; Balanced           ;
; Carry Chain Length                                                              ; 70                 ; 70                 ;
; Auto Carry Chains                                                               ; On                 ; On                 ;
; Auto Open-Drain Pins                                                            ; On                 ; On                 ;
; Perform WYSIWYG Primitive Resynthesis                                           ; Off                ; Off                ;
; Auto ROM Replacement                                                            ; On                 ; On                 ;
; Auto RAM Replacement                                                            ; On                 ; On                 ;
; Auto DSP Block Replacement                                                      ; On                 ; On                 ;
; Auto Shift Register Replacement                                                 ; Auto               ; Auto               ;
; Allow Shift Register Merging across Hierarchies                                 ; Auto               ; Auto               ;
; Auto Clock Enable Replacement                                                   ; On                 ; On                 ;
; Strict RAM Replacement                                                          ; Off                ; Off                ;
; Allow Synchronous Control Signals                                               ; On                 ; On                 ;
; Force Use of Synchronous Clear Signals                                          ; Off                ; Off                ;
; Auto Resource Sharing                                                           ; Off                ; Off                ;
; Allow Any RAM Size For Recognition                                              ; Off                ; Off                ;
; Allow Any ROM Size For Recognition                                              ; Off                ; Off                ;
; Allow Any Shift Register Size For Recognition                                   ; Off                ; Off                ;
; Use LogicLock Constraints during Resource Balancing                             ; On                 ; On                 ;
; Ignore translate_off and synthesis_off directives                               ; Off                ; Off                ;
; Timing-Driven Synthesis                                                         ; On                 ; On                 ;
; Report Parameter Settings                                                       ; On                 ; On                 ;
; Report Source Assignments                                                       ; On                 ; On                 ;
; Report Connectivity Checks                                                      ; On                 ; On                 ;
; Ignore Maximum Fan-Out Assignments                                              ; Off                ; Off                ;
; Synchronization Register Chain Length                                           ; 3                  ; 3                  ;
; Power Optimization During Synthesis                                             ; Normal compilation ; Normal compilation ;
; HDL message level                                                               ; Level2             ; Level2             ;
; Suppress Register Optimization Related Messages                                 ; Off                ; Off                ;
; Number of Removed Registers Reported in Synthesis Report                        ; 5000               ; 5000               ;
; Number of Swept Nodes Reported in Synthesis Report                              ; 5000               ; 5000               ;
; Number of Inverted Registers Reported in Synthesis Report                       ; 100                ; 100                ;
; Clock MUX Protection                                                            ; On                 ; On                 ;
; Auto Gated Clock Conversion                                                     ; Off                ; Off                ;
; Block Design Naming                                                             ; Auto               ; Auto               ;
; SDC constraint protection                                                       ; Off                ; Off                ;
; Synthesis Effort                                                                ; Auto               ; Auto               ;
; Shift Register Replacement - Allow Asynchronous Clear Signal                    ; On                 ; On                 ;
; Pre-Mapping Resynthesis Optimization                                            ; Off                ; Off                ;
; Analysis & Synthesis Message Level                                              ; Medium             ; Medium             ;
; Disable Register Merging Across Hierarchies                                     ; Auto               ; Auto               ;
; Resource Aware Inference For Block RAM                                          ; On                 ; On                 ;
; Automatic Parallel Synthesis                                                    ; On                 ; On                 ;
; Partial Reconfiguration Bitstream ID                                            ; Off                ; Off                ;
+---------------------------------------------------------------------------------+--------------------+--------------------+


+------------------------------------------+
; Parallel Compilation                     ;
+----------------------------+-------------+
; Processors                 ; Number      ;
+----------------------------+-------------+
; Number detected on machine ; 8           ;
; Maximum allowed            ; 4           ;
;                            ;             ;
; Average used               ; 1.00        ;
; Maximum used               ; 1           ;
;                            ;             ;
; Usage by Processor         ; % Time Used ;
;     Processor 1            ; 100.0%      ;
+----------------------------+-------------+


+------------------------------------------------------------------------------------------------------------------------------------------------------------------------+
; Analysis & Synthesis Source Files Read                                                                                                                                 ;
+----------------------------------+-----------------+------------------------+--------------------------------------------------------------------------------+---------+
; File Name with User-Entered Path ; Used in Netlist ; File Type              ; File Name with Absolute Path                                                   ; Library ;
+----------------------------------+-----------------+------------------------+--------------------------------------------------------------------------------+---------+
; reg.dat                          ; yes             ; User Unspecified File  ; C:/Users/Jesse/Documents/GitHub/ECE 3710/3710-Group-Project/reg.dat            ;         ;
; regfile.v                        ; yes             ; User Verilog HDL File  ; C:/Users/Jesse/Documents/GitHub/ECE 3710/3710-Group-Project/regfile.v          ;         ;
; alucontrol.v                     ; yes             ; User Verilog HDL File  ; C:/Users/Jesse/Documents/GitHub/ECE 3710/3710-Group-Project/alucontrol.v       ;         ;
; alu.v                            ; yes             ; User Verilog HDL File  ; C:/Users/Jesse/Documents/GitHub/ECE 3710/3710-Group-Project/alu.v              ;         ;
; GroupProject3710.v               ; yes             ; User Verilog HDL File  ; C:/Users/Jesse/Documents/GitHub/ECE 3710/3710-Group-Project/GroupProject3710.v ;         ;
+----------------------------------+-----------------+------------------------+--------------------------------------------------------------------------------+---------+


+---------------------------------------------------------+
; Analysis & Synthesis Resource Usage Summary             ;
+---------------------------------------------+-----------+
; Resource                                    ; Usage     ;
+---------------------------------------------+-----------+
; Estimate of Logic utilization (ALMs needed) ; 0         ;
;                                             ;           ;
; Combinational ALUT usage for logic          ; 0         ;
;     -- 7 input functions                    ; 0         ;
;     -- 6 input functions                    ; 0         ;
;     -- 5 input functions                    ; 0         ;
;     -- 4 input functions                    ; 0         ;
;     -- <=3 input functions                  ; 0         ;
;                                             ;           ;
; Dedicated logic registers                   ; 0         ;
;                                             ;           ;
; I/O pins                                    ; 70        ;
;                                             ;           ;
; Total DSP Blocks                            ; 0         ;
;                                             ;           ;
; Maximum fan-out node                        ; opcode[0] ;
; Maximum fan-out                             ; 1         ;
; Total fan-out                               ; 70        ;
; Average fan-out                             ; 0.50      ;
+---------------------------------------------+-----------+


+---------------------------------------------------------------------------------------------------------------------------------------------------------------------------------------------+
; Analysis & Synthesis Resource Utilization by Entity                                                                                                                                         ;
+----------------------------+---------------------+---------------------------+-------------------+------------+------+--------------+---------------------+------------------+--------------+
; Compilation Hierarchy Node ; Combinational ALUTs ; Dedicated Logic Registers ; Block Memory Bits ; DSP Blocks ; Pins ; Virtual Pins ; Full Hierarchy Name ; Entity Name      ; Library Name ;
+----------------------------+---------------------+---------------------------+-------------------+------------+------+--------------+---------------------+------------------+--------------+
; |GroupProject3710          ; 0 (0)               ; 0 (0)                     ; 0                 ; 0          ; 70   ; 0            ; |GroupProject3710   ; GroupProject3710 ; work         ;
+----------------------------+---------------------+---------------------------+-------------------+------------+------+--------------+---------------------+------------------+--------------+
Note: For table entries with two numbers listed, the numbers in parentheses indicate the number of resources of the given type used by the specific entity alone. The numbers listed outside of parentheses indicate the total resources of the given type used by the specific entity and all of its sub-entities in the hierarchy.


+------------------------------------------------------+
; General Register Statistics                          ;
+----------------------------------------------+-------+
; Statistic                                    ; Value ;
+----------------------------------------------+-------+
; Total registers                              ; 0     ;
; Number of registers using Synchronous Clear  ; 0     ;
; Number of registers using Synchronous Load   ; 0     ;
; Number of registers using Asynchronous Clear ; 0     ;
; Number of registers using Asynchronous Load  ; 0     ;
; Number of registers using Clock Enable       ; 0     ;
; Number of registers using Preset             ; 0     ;
+----------------------------------------------+-------+


+----------------------------------------------------------------------------------+
; Parameter Settings for User Entity Instance: Top-level Entity: |GroupProject3710 ;
+----------------+-------+---------------------------------------------------------+
; Parameter Name ; Value ; Type                                                    ;
+----------------+-------+---------------------------------------------------------+
; WIDTH          ; 16    ; Signed Integer                                          ;
; REGBITS        ; 4     ; Signed Integer                                          ;
+----------------+-------+---------------------------------------------------------+
Note: In order to hide this table in the UI and the text report file, please set the "Show Parameter Settings in Synthesis Report" option in "Analysis and Synthesis Settings -> More Settings" to "Off".


+---------------------------------------------------------------+
; Parameter Settings for User Entity Instance: regfile:regfile1 ;
+----------------+-------+--------------------------------------+
; Parameter Name ; Value ; Type                                 ;
+----------------+-------+--------------------------------------+
; WIDTH          ; 16    ; Signed Integer                       ;
; REGBITS        ; 4     ; Signed Integer                       ;
+----------------+-------+--------------------------------------+
Note: In order to hide this table in the UI and the text report file, please set the "Show Parameter Settings in Synthesis Report" option in "Analysis and Synthesis Settings -> More Settings" to "Off".


+-------------------------------------------------------+
; Parameter Settings for User Entity Instance: alu:alu1 ;
+----------------+-------+------------------------------+
; Parameter Name ; Value ; Type                         ;
+----------------+-------+------------------------------+
; WIDTH          ; 16    ; Signed Integer               ;
+----------------+-------+------------------------------+
Note: In order to hide this table in the UI and the text report file, please set the "Show Parameter Settings in Synthesis Report" option in "Analysis and Synthesis Settings -> More Settings" to "Off".


+---------------------------------------------------------------------------------------------------------------------------------------+
; Port Connectivity Checks: "alu:alu1"                                                                                                  ;
+--------+--------+----------+----------------------------------------------------------------------------------------------------------+
; Port   ; Type   ; Severity ; Details                                                                                                  ;
+--------+--------+----------+----------------------------------------------------------------------------------------------------------+
; result ; Output ; Info     ; Connected to dangling logic. Logic that only feeds a dangling port will be removed.                      ;
; PSR    ; Output ; Warning  ; Declared by entity but not connected by instance. Logic that only feeds a dangling port will be removed. ;
+--------+--------+----------+----------------------------------------------------------------------------------------------------------+


+----------------------------------------------------------------------------------------------------------------+
; Port Connectivity Checks: "regfile:regfile1"                                                                   ;
+------+--------+----------+-------------------------------------------------------------------------------------+
; Port ; Type   ; Severity ; Details                                                                             ;
+------+--------+----------+-------------------------------------------------------------------------------------+
; rd1  ; Output ; Info     ; Connected to dangling logic. Logic that only feeds a dangling port will be removed. ;
; rd2  ; Output ; Info     ; Connected to dangling logic. Logic that only feeds a dangling port will be removed. ;
+------+--------+----------+-------------------------------------------------------------------------------------+


+-----------------------------------------------------+
; Post-Synthesis Netlist Statistics for Top Partition ;
+-------------------+---------------------------------+
; Type              ; Count                           ;
+-------------------+---------------------------------+
; boundary_port     ; 70                              ;
;                   ;                                 ;
; Max LUT depth     ; 0.00                            ;
; Average LUT depth ; 0.00                            ;
+-------------------+---------------------------------+


+-------------------------------+
; Elapsed Time Per Partition    ;
+----------------+--------------+
; Partition Name ; Elapsed Time ;
+----------------+--------------+
; Top            ; 00:00:00     ;
+----------------+--------------+


+-------------------------------+
; Analysis & Synthesis Messages ;
+-------------------------------+
Info: *******************************************************************
Info: Running Quartus Prime Analysis & Synthesis
    Info: Version 23.1std.1 Build 993 05/14/2024 SC Lite Edition
    Info: Processing started: Fri Oct 18 16:38:14 2024
Info: Command: quartus_map --read_settings_files=on --write_settings_files=off GroupProject3710 -c GroupProject3710
Info (20030): Parallel compilation is enabled and will use 4 of the 4 processors detected
Info (12021): Found 1 design units, including 1 entities, in source file alu_regfile_tb.v
    Info (12023): Found entity 1: ALU_Regfile_tb File: C:/Users/Jesse/Documents/GitHub/ECE 3710/3710-Group-Project/ALU_Regfile_tb.v Line: 1
Info (12021): Found 1 design units, including 1 entities, in source file regfile.v
    Info (12023): Found entity 1: regfile File: C:/Users/Jesse/Documents/GitHub/ECE 3710/3710-Group-Project/regfile.v Line: 9
Info (12021): Found 1 design units, including 1 entities, in source file alucontrol.v
    Info (12023): Found entity 1: alucontrol File: C:/Users/Jesse/Documents/GitHub/ECE 3710/3710-Group-Project/alucontrol.v Line: 3
Info (12021): Found 1 design units, including 1 entities, in source file alu.v
    Info (12023): Found entity 1: alu File: C:/Users/Jesse/Documents/GitHub/ECE 3710/3710-Group-Project/alu.v Line: 2
Info (12021): Found 1 design units, including 1 entities, in source file groupproject3710.v
    Info (12023): Found entity 1: GroupProject3710 File: C:/Users/Jesse/Documents/GitHub/ECE 3710/3710-Group-Project/GroupProject3710.v Line: 1
Info (12127): Elaborating entity "GroupProject3710" for the top level hierarchy
Info (12128): Elaborating entity "regfile" for hierarchy "regfile:regfile1" File: C:/Users/Jesse/Documents/GitHub/ECE 3710/3710-Group-Project/GroupProject3710.v Line: 24
Info (10648): Verilog HDL Display System Task info at regfile.v(19): Loading register file File: C:/Users/Jesse/Documents/GitHub/ECE 3710/3710-Group-Project/regfile.v Line: 19
Info (10648): Verilog HDL Display System Task info at regfile.v(22): done with RF load File: C:/Users/Jesse/Documents/GitHub/ECE 3710/3710-Group-Project/regfile.v Line: 22
Warning (10230): Verilog HDL assignment warning at regfile.v(32): truncated value with size 32 to match size of target (16) File: C:/Users/Jesse/Documents/GitHub/ECE 3710/3710-Group-Project/regfile.v Line: 32
Warning (10230): Verilog HDL assignment warning at regfile.v(33): truncated value with size 32 to match size of target (16) File: C:/Users/Jesse/Documents/GitHub/ECE 3710/3710-Group-Project/regfile.v Line: 33
Info (12128): Elaborating entity "alucontrol" for hierarchy "alucontrol:alucontrol1" File: C:/Users/Jesse/Documents/GitHub/ECE 3710/3710-Group-Project/GroupProject3710.v Line: 31
Info (12128): Elaborating entity "alu" for hierarchy "alu:alu1" File: C:/Users/Jesse/Documents/GitHub/ECE 3710/3710-Group-Project/GroupProject3710.v Line: 40
Warning (10240): Verilog HDL Always Construct warning at alu.v(12): inferring latch(es) for variable "PSR", which holds its previous value in one or more paths through the always construct File: C:/Users/Jesse/Documents/GitHub/ECE 3710/3710-Group-Project/alu.v Line: 12
Warning (10034): Output port "PSR[5]" at alu.v(7) has no driver File: C:/Users/Jesse/Documents/GitHub/ECE 3710/3710-Group-Project/alu.v Line: 7
Info (10041): Inferred latch for "PSR[0]" at alu.v(12) File: C:/Users/Jesse/Documents/GitHub/ECE 3710/3710-Group-Project/alu.v Line: 12
Info (10041): Inferred latch for "PSR[1]" at alu.v(12) File: C:/Users/Jesse/Documents/GitHub/ECE 3710/3710-Group-Project/alu.v Line: 12
Info (10041): Inferred latch for "PSR[2]" at alu.v(12) File: C:/Users/Jesse/Documents/GitHub/ECE 3710/3710-Group-Project/alu.v Line: 12
Warning (12241): 1 hierarchies have connectivity warnings - see the Connectivity Checks report folder
Info (144001): Generated suppressed messages file C:/Users/Jesse/Documents/GitHub/ECE 3710/3710-Group-Project/output_files/GroupProject3710.map.smsg
Info (16010): Generating hard_block partition "hard_block:auto_generated_inst"
    Info (16011): Adding 0 node(s), including 0 DDIO, 0 PLL, 0 transceiver and 0 LCELL
Warning (21074): Design contains 70 input pin(s) that do not drive logic
    Warning (15610): No output dependent on input pin "opcode[0]" File: C:/Users/Jesse/Documents/GitHub/ECE 3710/3710-Group-Project/GroupProject3710.v Line: 2
    Warning (15610): No output dependent on input pin "opcode[1]" File: C:/Users/Jesse/Documents/GitHub/ECE 3710/3710-Group-Project/GroupProject3710.v Line: 2
    Warning (15610): No output dependent on input pin "opcode[2]" File: C:/Users/Jesse/Documents/GitHub/ECE 3710/3710-Group-Project/GroupProject3710.v Line: 2
    Warning (15610): No output dependent on input pin "opcode[3]" File: C:/Users/Jesse/Documents/GitHub/ECE 3710/3710-Group-Project/GroupProject3710.v Line: 2
    Warning (15610): No output dependent on input pin "opext[0]" File: C:/Users/Jesse/Documents/GitHub/ECE 3710/3710-Group-Project/GroupProject3710.v Line: 3
    Warning (15610): No output dependent on input pin "opext[1]" File: C:/Users/Jesse/Documents/GitHub/ECE 3710/3710-Group-Project/GroupProject3710.v Line: 3
    Warning (15610): No output dependent on input pin "opext[2]" File: C:/Users/Jesse/Documents/GitHub/ECE 3710/3710-Group-Project/GroupProject3710.v Line: 3
    Warning (15610): No output dependent on input pin "opext[3]" File: C:/Users/Jesse/Documents/GitHub/ECE 3710/3710-Group-Project/GroupProject3710.v Line: 3
    Warning (15610): No output dependent on input pin "clk" File: C:/Users/Jesse/Documents/GitHub/ECE 3710/3710-Group-Project/GroupProject3710.v Line: 4
    Warning (15610): No output dependent on input pin "regwrite" File: C:/Users/Jesse/Documents/GitHub/ECE 3710/3710-Group-Project/GroupProject3710.v Line: 4
    Warning (15610): No output dependent on input pin "ra1[0]" File: C:/Users/Jesse/Documents/GitHub/ECE 3710/3710-Group-Project/GroupProject3710.v Line: 5
    Warning (15610): No output dependent on input pin "ra1[1]" File: C:/Users/Jesse/Documents/GitHub/ECE 3710/3710-Group-Project/GroupProject3710.v Line: 5
    Warning (15610): No output dependent on input pin "ra1[2]" File: C:/Users/Jesse/Documents/GitHub/ECE 3710/3710-Group-Project/GroupProject3710.v Line: 5
    Warning (15610): No output dependent on input pin "ra1[3]" File: C:/Users/Jesse/Documents/GitHub/ECE 3710/3710-Group-Project/GroupProject3710.v Line: 5
    Warning (15610): No output dependent on input pin "ra2[0]" File: C:/Users/Jesse/Documents/GitHub/ECE 3710/3710-Group-Project/GroupProject3710.v Line: 5
    Warning (15610): No output dependent on input pin "ra2[1]" File: C:/Users/Jesse/Documents/GitHub/ECE 3710/3710-Group-Project/GroupProject3710.v Line: 5
    Warning (15610): No output dependent on input pin "ra2[2]" File: C:/Users/Jesse/Documents/GitHub/ECE 3710/3710-Group-Project/GroupProject3710.v Line: 5
    Warning (15610): No output dependent on input pin "ra2[3]" File: C:/Users/Jesse/Documents/GitHub/ECE 3710/3710-Group-Project/GroupProject3710.v Line: 5
    Warning (15610): No output dependent on input pin "wa[0]" File: C:/Users/Jesse/Documents/GitHub/ECE 3710/3710-Group-Project/GroupProject3710.v Line: 5
    Warning (15610): No output dependent on input pin "wa[1]" File: C:/Users/Jesse/Documents/GitHub/ECE 3710/3710-Group-Project/GroupProject3710.v Line: 5
    Warning (15610): No output dependent on input pin "wa[2]" File: C:/Users/Jesse/Documents/GitHub/ECE 3710/3710-Group-Project/GroupProject3710.v Line: 5
    Warning (15610): No output dependent on input pin "wa[3]" File: C:/Users/Jesse/Documents/GitHub/ECE 3710/3710-Group-Project/GroupProject3710.v Line: 5
    Warning (15610): No output dependent on input pin "wd[0]" File: C:/Users/Jesse/Documents/GitHub/ECE 3710/3710-Group-Project/GroupProject3710.v Line: 6
    Warning (15610): No output dependent on input pin "wd[1]" File: C:/Users/Jesse/Documents/GitHub/ECE 3710/3710-Group-Project/GroupProject3710.v Line: 6
    Warning (15610): No output dependent on input pin "wd[2]" File: C:/Users/Jesse/Documents/GitHub/ECE 3710/3710-Group-Project/GroupProject3710.v Line: 6
    Warning (15610): No output dependent on input pin "wd[3]" File: C:/Users/Jesse/Documents/GitHub/ECE 3710/3710-Group-Project/GroupProject3710.v Line: 6
    Warning (15610): No output dependent on input pin "wd[4]" File: C:/Users/Jesse/Documents/GitHub/ECE 3710/3710-Group-Project/GroupProject3710.v Line: 6
    Warning (15610): No output dependent on input pin "wd[5]" File: C:/Users/Jesse/Documents/GitHub/ECE 3710/3710-Group-Project/GroupProject3710.v Line: 6
    Warning (15610): No output dependent on input pin "wd[6]" File: C:/Users/Jesse/Documents/GitHub/ECE 3710/3710-Group-Project/GroupProject3710.v Line: 6
    Warning (15610): No output dependent on input pin "wd[7]" File: C:/Users/Jesse/Documents/GitHub/ECE 3710/3710-Group-Project/GroupProject3710.v Line: 6
    Warning (15610): No output dependent on input pin "wd[8]" File: C:/Users/Jesse/Documents/GitHub/ECE 3710/3710-Group-Project/GroupProject3710.v Line: 6
    Warning (15610): No output dependent on input pin "wd[9]" File: C:/Users/Jesse/Documents/GitHub/ECE 3710/3710-Group-Project/GroupProject3710.v Line: 6
    Warning (15610): No output dependent on input pin "wd[10]" File: C:/Users/Jesse/Documents/GitHub/ECE 3710/3710-Group-Project/GroupProject3710.v Line: 6
    Warning (15610): No output dependent on input pin "wd[11]" File: C:/Users/Jesse/Documents/GitHub/ECE 3710/3710-Group-Project/GroupProject3710.v Line: 6
    Warning (15610): No output dependent on input pin "wd[12]" File: C:/Users/Jesse/Documents/GitHub/ECE 3710/3710-Group-Project/GroupProject3710.v Line: 6
    Warning (15610): No output dependent on input pin "wd[13]" File: C:/Users/Jesse/Documents/GitHub/ECE 3710/3710-Group-Project/GroupProject3710.v Line: 6
    Warning (15610): No output dependent on input pin "wd[14]" File: C:/Users/Jesse/Documents/GitHub/ECE 3710/3710-Group-Project/GroupProject3710.v Line: 6
    Warning (15610): No output dependent on input pin "wd[15]" File: C:/Users/Jesse/Documents/GitHub/ECE 3710/3710-Group-Project/GroupProject3710.v Line: 6
    Warning (15610): No output dependent on input pin "Rsrc[0]" File: C:/Users/Jesse/Documents/GitHub/ECE 3710/3710-Group-Project/GroupProject3710.v Line: 7
    Warning (15610): No output dependent on input pin "Rsrc[1]" File: C:/Users/Jesse/Documents/GitHub/ECE 3710/3710-Group-Project/GroupProject3710.v Line: 7
    Warning (15610): No output dependent on input pin "Rsrc[2]" File: C:/Users/Jesse/Documents/GitHub/ECE 3710/3710-Group-Project/GroupProject3710.v Line: 7
    Warning (15610): No output dependent on input pin "Rsrc[3]" File: C:/Users/Jesse/Documents/GitHub/ECE 3710/3710-Group-Project/GroupProject3710.v Line: 7
    Warning (15610): No output dependent on input pin "Rsrc[4]" File: C:/Users/Jesse/Documents/GitHub/ECE 3710/3710-Group-Project/GroupProject3710.v Line: 7
    Warning (15610): No output dependent on input pin "Rsrc[5]" File: C:/Users/Jesse/Documents/GitHub/ECE 3710/3710-Group-Project/GroupProject3710.v Line: 7
    Warning (15610): No output dependent on input pin "Rsrc[6]" File: C:/Users/Jesse/Documents/GitHub/ECE 3710/3710-Group-Project/GroupProject3710.v Line: 7
    Warning (15610): No output dependent on input pin "Rsrc[7]" File: C:/Users/Jesse/Documents/GitHub/ECE 3710/3710-Group-Project/GroupProject3710.v Line: 7
    Warning (15610): No output dependent on input pin "Rsrc[8]" File: C:/Users/Jesse/Documents/GitHub/ECE 3710/3710-Group-Project/GroupProject3710.v Line: 7
    Warning (15610): No output dependent on input pin "Rsrc[9]" File: C:/Users/Jesse/Documents/GitHub/ECE 3710/3710-Group-Project/GroupProject3710.v Line: 7
    Warning (15610): No output dependent on input pin "Rsrc[10]" File: C:/Users/Jesse/Documents/GitHub/ECE 3710/3710-Group-Project/GroupProject3710.v Line: 7
    Warning (15610): No output dependent on input pin "Rsrc[11]" File: C:/Users/Jesse/Documents/GitHub/ECE 3710/3710-Group-Project/GroupProject3710.v Line: 7
    Warning (15610): No output dependent on input pin "Rsrc[12]" File: C:/Users/Jesse/Documents/GitHub/ECE 3710/3710-Group-Project/GroupProject3710.v Line: 7
    Warning (15610): No output dependent on input pin "Rsrc[13]" File: C:/Users/Jesse/Documents/GitHub/ECE 3710/3710-Group-Project/GroupProject3710.v Line: 7
    Warning (15610): No output dependent on input pin "Rsrc[14]" File: C:/Users/Jesse/Documents/GitHub/ECE 3710/3710-Group-Project/GroupProject3710.v Line: 7
    Warning (15610): No output dependent on input pin "Rsrc[15]" File: C:/Users/Jesse/Documents/GitHub/ECE 3710/3710-Group-Project/GroupProject3710.v Line: 7
    Warning (15610): No output dependent on input pin "Rdest[0]" File: C:/Users/Jesse/Documents/GitHub/ECE 3710/3710-Group-Project/GroupProject3710.v Line: 8
    Warning (15610): No output dependent on input pin "Rdest[1]" File: C:/Users/Jesse/Documents/GitHub/ECE 3710/3710-Group-Project/GroupProject3710.v Line: 8
    Warning (15610): No output dependent on input pin "Rdest[2]" File: C:/Users/Jesse/Documents/GitHub/ECE 3710/3710-Group-Project/GroupProject3710.v Line: 8
    Warning (15610): No output dependent on input pin "Rdest[3]" File: C:/Users/Jesse/Documents/GitHub/ECE 3710/3710-Group-Project/GroupProject3710.v Line: 8
    Warning (15610): No output dependent on input pin "Rdest[4]" File: C:/Users/Jesse/Documents/GitHub/ECE 3710/3710-Group-Project/GroupProject3710.v Line: 8
    Warning (15610): No output dependent on input pin "Rdest[5]" File: C:/Users/Jesse/Documents/GitHub/ECE 3710/3710-Group-Project/GroupProject3710.v Line: 8
    Warning (15610): No output dependent on input pin "Rdest[6]" File: C:/Users/Jesse/Documents/GitHub/ECE 3710/3710-Group-Project/GroupProject3710.v Line: 8
    Warning (15610): No output dependent on input pin "Rdest[7]" File: C:/Users/Jesse/Documents/GitHub/ECE 3710/3710-Group-Project/GroupProject3710.v Line: 8
    Warning (15610): No output dependent on input pin "Rdest[8]" File: C:/Users/Jesse/Documents/GitHub/ECE 3710/3710-Group-Project/GroupProject3710.v Line: 8
    Warning (15610): No output dependent on input pin "Rdest[9]" File: C:/Users/Jesse/Documents/GitHub/ECE 3710/3710-Group-Project/GroupProject3710.v Line: 8
    Warning (15610): No output dependent on input pin "Rdest[10]" File: C:/Users/Jesse/Documents/GitHub/ECE 3710/3710-Group-Project/GroupProject3710.v Line: 8
    Warning (15610): No output dependent on input pin "Rdest[11]" File: C:/Users/Jesse/Documents/GitHub/ECE 3710/3710-Group-Project/GroupProject3710.v Line: 8
    Warning (15610): No output dependent on input pin "Rdest[12]" File: C:/Users/Jesse/Documents/GitHub/ECE 3710/3710-Group-Project/GroupProject3710.v Line: 8
    Warning (15610): No output dependent on input pin "Rdest[13]" File: C:/Users/Jesse/Documents/GitHub/ECE 3710/3710-Group-Project/GroupProject3710.v Line: 8
    Warning (15610): No output dependent on input pin "Rdest[14]" File: C:/Users/Jesse/Documents/GitHub/ECE 3710/3710-Group-Project/GroupProject3710.v Line: 8
    Warning (15610): No output dependent on input pin "Rdest[15]" File: C:/Users/Jesse/Documents/GitHub/ECE 3710/3710-Group-Project/GroupProject3710.v Line: 8
Info (21057): Implemented 70 device resources after synthesis - the final resource count might be different
    Info (21058): Implemented 70 input pins
    Info (21059): Implemented 0 output pins
Info: Quartus Prime Analysis & Synthesis was successful. 0 errors, 76 warnings
    Info: Peak virtual memory: 4792 megabytes
    Info: Processing ended: Fri Oct 18 16:38:22 2024
    Info: Elapsed time: 00:00:08
    Info: Total CPU time (on all processors): 00:00:19


+------------------------------------------+
; Analysis & Synthesis Suppressed Messages ;
+------------------------------------------+
The suppressed messages can be found in C:/Users/Jesse/Documents/GitHub/ECE 3710/3710-Group-Project/output_files/GroupProject3710.map.smsg.


